Transformation_JavaJAXB>>AnilBRKR>>default>>0>>1518422130183
2871<<Administration Result<<2018-02-12 13:25:30.797 IST<<SATHEESH-IIB\bandaru<<deploy<<C:/Users/bandaru/IBM/IIBT10/workspace/AnilNayakIIB10/GeneratedBarFiles/Transformation_JavaJAXBproject.generated.bar<<BAR<<default<<ExecutionGroup<<COMPLETE
JAXB_Application>>AnilBRKR>>default>>0>>1518422324037
2871<<Administration Result<<2018-02-12 13:28:44.348 IST<<SATHEESH-IIB\bandaru<<deploy<<C:/Users/bandaru/IBM/IIBT10/workspace/AnilNayakIIB10/GeneratedBarFiles/JAXB_Applicationproject.generated.bar<<BAR<<default<<ExecutionGroup<<COMPLETE
JAXB_Application>>AnilBRKR>>default>>0>>1518422483559
2871<<Administration Result<<2018-02-12 13:31:26.750 IST<<SATHEESH-IIB\bandaru<<deploy<<C:/Users/bandaru/IBM/IIBT10/workspace/AnilNayakIIB10/GeneratedBarFiles/JAXB_Applicationproject.generated.bar<<BAR<<default<<ExecutionGroup<<COMPLETE
RESTRequest_Client>>AnilBRKR>>default>>2>>1518425746557
2087<<Runtime Response<<2018-02-12 14:25:47.285 IST<<AnilBRKR<<10c5e07b-7c57-4fb9-9e1f-7405372cfeda
4041<<Runtime Response<<2018-02-12 14:25:47.285 IST<<default<<7d75f14b-946a-4b87-a1ad-5a454f9a3eba
1301<<Runtime Response<<2018-02-12 14:25:47.285 IST<<RESTRequest_Client<<RESTRequest_SharedLibrary<<RESTRequest_Client
2871<<Administration Result<<2018-02-12 14:25:47.285 IST<<SATHEESH-IIB\bandaru<<deploy<<C:/Users/bandaru/IBM/IIBT10/workspace/AnilNayakIIB10/GeneratedBarFiles/RESTRequest_Clientproject.generated.bar<<BAR<<default<<ExecutionGroup<<FAILED
RESTRequest_SharedLibrary>>AnilBRKR>>default>>0>>1518425780731
2871<<Administration Result<<2018-02-12 14:26:21.337 IST<<SATHEESH-IIB\bandaru<<deploy<<C:/Users/bandaru/IBM/IIBT10/workspace/AnilNayakIIB10/GeneratedBarFiles/RESTRequest_SharedLibraryproject.generated.bar<<BAR<<default<<ExecutionGroup<<COMPLETE
RESTRequest_Client>>AnilBRKR>>default>>0>>1518425791888
2871<<Administration Result<<2018-02-12 14:26:32.681 IST<<SATHEESH-IIB\bandaru<<deploy<<C:/Users/bandaru/IBM/IIBT10/workspace/AnilNayakIIB10/GeneratedBarFiles/RESTRequest_Clientproject.generated.bar<<BAR<<default<<ExecutionGroup<<COMPLETE
DemoRest>>AnilBRKR>>default>>0>>1518955033419
2871<<Administration Result<<2018-02-18 17:27:15.478 IST<<SATHEESH-IIB\bandaru<<deploy<<C:/Users/bandaru/IBM/IIBT10/workspace/AnilNayakIIB10/GeneratedBarFiles/DemoRestproject.generated.bar<<BAR<<default<<ExecutionGroup<<COMPLETE
CustomerDatabaseV1>>AnilBRKR>>default>>0>>1518960059890
2871<<Administration Result<<2018-02-18 18:51:11.840 IST<<SATHEESH-IIB\bandaru<<deploy<<C:/Users/bandaru/IBM/IIBT10/workspace/AnilNayakIIB10/GeneratedBarFiles/CustomerDatabaseV1project.generated.bar<<BAR<<default<<ExecutionGroup<<COMPLETE
CustomerDatabaseV1>>AnilBRKR>>default>>0>>1519031102326
2871<<Administration Result<<2018-02-19 14:35:15.257 IST<<SATHEESH-IIB\bandaru<<deploy<<C:/Users/bandaru/IBM/IIBT10/workspace/AnilNayakIIB10/GeneratedBarFiles/CustomerDatabaseV1project.generated.bar<<BAR<<default<<ExecutionGroup<<COMPLETE
CustomerDatabaseV1>>AnilBRKR>>default>>0>>1519047960255
2871<<Administration Result<<2018-02-19 19:16:05.984 IST<<SATHEESH-IIB\bandaru<<deploy<<C:/Users/bandaru/IBM/IIBT10/workspace/AnilNayakIIB10/GeneratedBarFiles/CustomerDatabaseV1project.generated.bar<<BAR<<default<<ExecutionGroup<<COMPLETE
CustomerDatabaseV1>>AnilBRKR>>default>>0>>1519048096249
2871<<Administration Result<<2018-02-19 19:18:21.482 IST<<SATHEESH-IIB\bandaru<<deploy<<C:/Users/bandaru/IBM/IIBT10/workspace/AnilNayakIIB10/GeneratedBarFiles/CustomerDatabaseV1project.generated.bar<<BAR<<default<<ExecutionGroup<<COMPLETE
MySQLDBInsertUsingComputeNode>>AnilBRKR>>default>>0>>1519285233577
2871<<Administration Result<<2018-02-22 13:11:27.563 IST<<SATHEESH-IIB\bandaru<<deploy<<C:/Users/bandaru/IBM/IIBT10/workspace/AnilNayakIIB10/GeneratedBarFiles/MySQLDBInsertUsingComputeNodeproject.generated.bar<<BAR<<default<<ExecutionGroup<<COMPLETE
MySQLDBInsertUsingComputeNode>>AnilBRKR>>default>>0>>1519285411139
2871<<Administration Result<<2018-02-22 13:14:28.528 IST<<SATHEESH-IIB\bandaru<<deploy<<C:/Users/bandaru/IBM/IIBT10/workspace/AnilNayakIIB10/GeneratedBarFiles/MySQLDBInsertUsingComputeNodeproject.generated.bar<<BAR<<default<<ExecutionGroup<<COMPLETE
MySQLDBInsertUsingComputeNode>>AnilBRKR>>default>>0>>1519285591008
2871<<Administration Result<<2018-02-22 13:17:28.969 IST<<SATHEESH-IIB\bandaru<<deploy<<C:/Users/bandaru/IBM/IIBT10/workspace/AnilNayakIIB10/GeneratedBarFiles/MySQLDBInsertUsingComputeNodeproject.generated.bar<<BAR<<default<<ExecutionGroup<<COMPLETE
MySQLDBInsertUsingComputeNode>>AnilBRKR>>default>>0>>1519285793951
2871<<Administration Result<<2018-02-22 13:20:25.186 IST<<SATHEESH-IIB\bandaru<<deploy<<C:/Users/bandaru/IBM/IIBT10/workspace/AnilNayakIIB10/GeneratedBarFiles/MySQLDBInsertUsingComputeNodeproject.generated.bar<<BAR<<default<<ExecutionGroup<<COMPLETE
MySQLDBInsertUsingComputeNode>>AnilBRKR>>default>>0>>1519288804327
2871<<Administration Result<<2018-02-22 14:10:44.221 IST<<SATHEESH-IIB\bandaru<<deploy<<C:/Users/bandaru/IBM/IIBT10/workspace/AnilNayakIIB10/GeneratedBarFiles/MySQLDBInsertUsingComputeNodeproject.generated.bar<<BAR<<default<<ExecutionGroup<<COMPLETE
MySQLDBInsertUsingComputeNode>>AnilBRKR>>default>>0>>1519289064488
2871<<Administration Result<<2018-02-22 14:14:24.937 IST<<SATHEESH-IIB\bandaru<<deploy<<C:/Users/bandaru/IBM/IIBT10/workspace/AnilNayakIIB10/GeneratedBarFiles/MySQLDBInsertUsingComputeNodeproject.generated.bar<<BAR<<default<<ExecutionGroup<<COMPLETE
MySQLDBInsertUsingComputeNode>>AnilBRKR>>default>>0>>1519289167517
2871<<Administration Result<<2018-02-22 14:17:06.758 IST<<SATHEESH-IIB\bandaru<<deploy<<C:/Users/bandaru/IBM/IIBT10/workspace/AnilNayakIIB10/GeneratedBarFiles/MySQLDBInsertUsingComputeNodeproject.generated.bar<<BAR<<default<<ExecutionGroup<<COMPLETE
MySQLDBInsertUsingComputeNode>>TESTNODE_bandaru>>anil>>0>>1519290698464
2871<<Administration Result<<2018-02-22 14:41:40.051 IST<<SATHEESH-IIB\bandaru<<deploy<<C:/Users/bandaru/IBM/IIBT10/workspace/AnilNayakIIB10/GeneratedBarFiles/MySQLDBInsertUsingComputeNodeproject.generated.bar<<BAR<<anil<<ExecutionGroup<<COMPLETE
MySQLDBInsertUsingComputeNode>>TESTNODE_bandaru>>anil>>0>>1519291307413
2871<<Administration Result<<2018-02-22 14:51:56.720 IST<<SATHEESH-IIB\bandaru<<deploy<<C:/Users/bandaru/IBM/IIBT10/workspace/AnilNayakIIB10/GeneratedBarFiles/MySQLDBInsertUsingComputeNodeproject.generated.bar<<BAR<<anil<<ExecutionGroup<<COMPLETE
MySQLDBInsertUsingComputeNode>>TESTNODE_bandaru>>anil>>0>>1519291728777
2871<<Administration Result<<2018-02-22 14:58:53.140 IST<<SATHEESH-IIB\bandaru<<deploy<<C:/Users/bandaru/IBM/IIBT10/workspace/AnilNayakIIB10/GeneratedBarFiles/MySQLDBInsertUsingComputeNodeproject.generated.bar<<BAR<<anil<<ExecutionGroup<<COMPLETE
MySQLDBInsertUsingComputeNode>>TESTNODE_bandaru>>anil>>0>>1519291738311
2871<<Administration Result<<2018-02-22 14:59:03.878 IST<<SATHEESH-IIB\bandaru<<deploy<<C:/Users/bandaru/IBM/IIBT10/workspace/AnilNayakIIB10/GeneratedBarFiles/MySQLDBInsertUsingComputeNodeproject.generated.bar<<BAR<<anil<<ExecutionGroup<<COMPLETE
MySQLDBInsertUsingComputeNode>>TESTNODE_bandaru>>anil>>0>>1519291889591
2871<<Administration Result<<2018-02-22 15:01:32.209 IST<<SATHEESH-IIB\bandaru<<deploy<<C:/Users/bandaru/IBM/IIBT10/workspace/AnilNayakIIB10/GeneratedBarFiles/MySQLDBInsertUsingComputeNodeproject.generated.bar<<BAR<<anil<<ExecutionGroup<<COMPLETE
MySQLDBInsertUsingComputeNode>>TESTNODE_bandaru>>anil>>2>>1519292097190
2087<<Runtime Response<<2018-02-22 15:05:04.175 IST<<TESTNODE_bandaru<<4771ee8b-7f7c-4bc9-9d9d-62cefc68d9a7
4041<<Runtime Response<<2018-02-22 15:05:04.176 IST<<anil<<23767b6b-bcc4-4708-a92a-677c54ae94a2
2413<<Runtime Response<<2018-02-22 15:05:04.176 IST<<com.anilnayak.esb.mysqlDBInsert_Compute.InsertIntoDBUsingQuery<<17.86<<2<<1
2871<<Administration Result<<2018-02-22 15:05:04.176 IST<<SATHEESH-IIB\bandaru<<deploy<<C:/Users/bandaru/IBM/IIBT10/workspace/AnilNayakIIB10/GeneratedBarFiles/MySQLDBInsertUsingComputeNodeproject.generated.bar<<BAR<<anil<<ExecutionGroup<<FAILED
MySQLDBInsertUsingComputeNode>>TESTNODE_bandaru>>anil>>2>>1519292569719
2087<<Runtime Response<<2018-02-22 15:12:56.373 IST<<TESTNODE_bandaru<<4771ee8b-7f7c-4bc9-9d9d-62cefc68d9a7
4041<<Runtime Response<<2018-02-22 15:12:56.373 IST<<anil<<23767b6b-bcc4-4708-a92a-677c54ae94a2
2413<<Runtime Response<<2018-02-22 15:12:56.373 IST<<com.anilnayak.esb.mysqlDBInsert_Compute.InsertIntoDBWithoutQuery<<4.88<<2<<1
2871<<Administration Result<<2018-02-22 15:12:56.373 IST<<SATHEESH-IIB\bandaru<<deploy<<C:/Users/bandaru/IBM/IIBT10/workspace/AnilNayakIIB10/GeneratedBarFiles/MySQLDBInsertUsingComputeNodeproject.generated.bar<<BAR<<anil<<ExecutionGroup<<FAILED
MySQLDBInsertUsingComputeNode>>TESTNODE_bandaru>>anil>>2>>1519293163113
2087<<Runtime Response<<2018-02-22 15:22:47.264 IST<<TESTNODE_bandaru<<4771ee8b-7f7c-4bc9-9d9d-62cefc68d9a7
4041<<Runtime Response<<2018-02-22 15:22:47.264 IST<<anil<<23767b6b-bcc4-4708-a92a-677c54ae94a2
2413<<Runtime Response<<2018-02-22 15:22:47.264 IST<<com.anilnayak.esb.mysqlDBInsert_Compute.InsertIntoDBWithoutQuery<<4.86<<2<<1
2871<<Administration Result<<2018-02-22 15:22:47.264 IST<<SATHEESH-IIB\bandaru<<deploy<<C:/Users/bandaru/IBM/IIBT10/workspace/AnilNayakIIB10/GeneratedBarFiles/MySQLDBInsertUsingComputeNodeproject.generated.bar<<BAR<<anil<<ExecutionGroup<<FAILED
MySQLDBInsertUsingComputeNode>>TESTNODE_bandaru>>anil>>2>>1519293262129
2087<<Runtime Response<<2018-02-22 15:24:26.556 IST<<TESTNODE_bandaru<<4771ee8b-7f7c-4bc9-9d9d-62cefc68d9a7
4041<<Runtime Response<<2018-02-22 15:24:26.556 IST<<anil<<23767b6b-bcc4-4708-a92a-677c54ae94a2
2413<<Runtime Response<<2018-02-22 15:24:26.556 IST<<com.anilnayak.esb.mysqlDBInsert_Compute.InsertIntoDBWithoutQuery<<4.86<<2<<1
2871<<Administration Result<<2018-02-22 15:24:26.556 IST<<SATHEESH-IIB\bandaru<<deploy<<C:/Users/bandaru/IBM/IIBT10/workspace/AnilNayakIIB10/GeneratedBarFiles/MySQLDBInsertUsingComputeNodeproject.generated.bar<<BAR<<anil<<ExecutionGroup<<FAILED
MySQLDBInsertUsingComputeNode>>TESTNODE_bandaru>>anil>>2>>1519293370763
2087<<Runtime Response<<2018-02-22 15:26:11.274 IST<<TESTNODE_bandaru<<4771ee8b-7f7c-4bc9-9d9d-62cefc68d9a7
4041<<Runtime Response<<2018-02-22 15:26:11.274 IST<<anil<<23767b6b-bcc4-4708-a92a-677c54ae94a2
2432<<Runtime Response<<2018-02-22 15:26:11.274 IST<<com.anilnayak.esb.mysqlDBInsert_Compute.InsertWithOneQuery<<6.7<<ItemCount<<MySQLDataSource, TABLE, SCHEMA_NAME, Environment, InputLocalEnvironment, OutputLocalEnvironment, InputRoot, InputBody, InputProperties, OutputRoot, InputExceptionList, OutputExceptionList, InputDestinationList, OutputDestinationList, lineRef
2871<<Administration Result<<2018-02-22 15:26:11.274 IST<<SATHEESH-IIB\bandaru<<deploy<<C:/Users/bandaru/IBM/IIBT10/workspace/AnilNayakIIB10/GeneratedBarFiles/MySQLDBInsertUsingComputeNodeproject.generated.bar<<BAR<<anil<<ExecutionGroup<<FAILED
MySQLDBInsertUsingComputeNode>>TESTNODE_bandaru>>anil>>0>>1519293423730
2871<<Administration Result<<2018-02-22 15:27:04.186 IST<<SATHEESH-IIB\bandaru<<deploy<<C:/Users/bandaru/IBM/IIBT10/workspace/AnilNayakIIB10/GeneratedBarFiles/MySQLDBInsertUsingComputeNodeproject.generated.bar<<BAR<<anil<<ExecutionGroup<<COMPLETE
MySQLDBInsertUsingComputeNode>>TESTNODE_bandaru>>anil>>0>>1519293594107
2871<<Administration Result<<2018-02-22 15:29:58.169 IST<<SATHEESH-IIB\bandaru<<deploy<<C:/Users/bandaru/IBM/IIBT10/workspace/AnilNayakIIB10/GeneratedBarFiles/MySQLDBInsertUsingComputeNodeproject.generated.bar<<BAR<<anil<<ExecutionGroup<<COMPLETE
MySQLDBInsertUsingComputeNode>>TESTNODE_bandaru>>anil>>0>>1519293986066
2871<<Administration Result<<2018-02-22 15:36:30.302 IST<<SATHEESH-IIB\bandaru<<deploy<<C:/Users/bandaru/IBM/IIBT10/workspace/AnilNayakIIB10/GeneratedBarFiles/MySQLDBInsertUsingComputeNodeproject.generated.bar<<BAR<<anil<<ExecutionGroup<<COMPLETE
MySQLDBInsertUsingComputeNode>>TESTNODE_bandaru>>anil>>0>>1519295392282
2871<<Administration Result<<2018-02-22 15:59:57.841 IST<<SATHEESH-IIB\bandaru<<deploy<<C:/Users/bandaru/IBM/IIBT10/workspace/AnilNayakIIB10/GeneratedBarFiles/MySQLDBInsertUsingComputeNodeproject.generated.bar<<BAR<<anil<<ExecutionGroup<<COMPLETE
MySQLDBInsertUsingComputeNode>>TESTNODE_bandaru>>anil>>0>>1519305339983
2871<<Administration Result<<2018-02-22 18:45:44.680 IST<<SATHEESH-IIB\bandaru<<deploy<<C:/Users/bandaru/IBM/IIBT10/workspace/AnilNayakIIB10/GeneratedBarFiles/MySQLDBInsertUsingComputeNodeproject.generated.bar<<BAR<<anil<<ExecutionGroup<<COMPLETE
MySQLDBInsertUsingComputeNode>>TESTNODE_bandaru>>anil>>0>>1519305642747
2871<<Administration Result<<2018-02-22 18:50:48.376 IST<<SATHEESH-IIB\bandaru<<deploy<<C:/Users/bandaru/IBM/IIBT10/workspace/AnilNayakIIB10/GeneratedBarFiles/MySQLDBInsertUsingComputeNodeproject.generated.bar<<BAR<<anil<<ExecutionGroup<<COMPLETE
MySQLDBInsertUsingComputeNode>>TESTNODE_bandaru>>anil>>0>>1519306069914
2871<<Administration Result<<2018-02-22 18:57:52.796 IST<<SATHEESH-IIB\bandaru<<deploy<<C:/Users/bandaru/IBM/IIBT10/workspace/AnilNayakIIB10/GeneratedBarFiles/MySQLDBInsertUsingComputeNodeproject.generated.bar<<BAR<<anil<<ExecutionGroup<<COMPLETE
MySQLDBInsertUsingComputeNode>>TESTNODE_bandaru>>anil>>0>>1519306529452
2871<<Administration Result<<2018-02-22 19:05:35.473 IST<<SATHEESH-IIB\bandaru<<deploy<<C:/Users/bandaru/IBM/IIBT10/workspace/AnilNayakIIB10/GeneratedBarFiles/MySQLDBInsertUsingComputeNodeproject.generated.bar<<BAR<<anil<<ExecutionGroup<<COMPLETE
MySQLDBInsertUsingComputeNode>>TESTNODE_bandaru>>anil>>0>>1519306752790
2871<<Administration Result<<2018-02-22 19:09:15.704 IST<<SATHEESH-IIB\bandaru<<deploy<<C:/Users/bandaru/IBM/IIBT10/workspace/AnilNayakIIB10/GeneratedBarFiles/MySQLDBInsertUsingComputeNodeproject.generated.bar<<BAR<<anil<<ExecutionGroup<<COMPLETE
MySQLDBInsertUsingComputeNode>>TESTNODE_bandaru>>anil>>0>>1519551422155
2871<<Administration Result<<2018-02-25 15:07:18.542 IST<<SATHEESH-IIB\bandaru<<deploy<<C:/Users/bandaru/IBM/IIBT10/workspace/AnilNayakIIB10/GeneratedBarFiles/MySQLDBInsertUsingComputeNodeproject.generated.bar<<BAR<<anil<<ExecutionGroup<<COMPLETE
MySQLDBInsertUsingComputeNode>>TESTNODE_bandaru>>anil>>0>>1519551798421
2871<<Administration Result<<2018-02-25 15:13:22.969 IST<<SATHEESH-IIB\bandaru<<deploy<<C:/Users/bandaru/IBM/IIBT10/workspace/AnilNayakIIB10/GeneratedBarFiles/MySQLDBInsertUsingComputeNodeproject.generated.bar<<BAR<<anil<<ExecutionGroup<<COMPLETE
MySQLDBInsertUsingComputeNode>>TESTNODE_bandaru>>anil>>0>>1519551812206
2871<<Administration Result<<2018-02-25 15:13:34.312 IST<<SATHEESH-IIB\bandaru<<deploy<<C:/Users/bandaru/IBM/IIBT10/workspace/AnilNayakIIB10/GeneratedBarFiles/MySQLDBInsertUsingComputeNodeproject.generated.bar<<BAR<<anil<<ExecutionGroup<<COMPLETE
MySQLDBInsertUsingComputeNode>>TESTNODE_bandaru>>anil>>0>>1519552323533
2871<<Administration Result<<2018-02-25 15:22:05.361 IST<<SATHEESH-IIB\bandaru<<deploy<<C:/Users/bandaru/IBM/IIBT10/workspace/AnilNayakIIB10/GeneratedBarFiles/MySQLDBInsertUsingComputeNodeproject.generated.bar<<BAR<<anil<<ExecutionGroup<<COMPLETE
MySQLDBInsertUsingComputeNode>>TESTNODE_bandaru>>anil>>0>>1519552366796
2871<<Administration Result<<2018-02-25 15:22:50.696 IST<<SATHEESH-IIB\bandaru<<deploy<<C:/Users/bandaru/IBM/IIBT10/workspace/AnilNayakIIB10/GeneratedBarFiles/MySQLDBInsertUsingComputeNodeproject.generated.bar<<BAR<<anil<<ExecutionGroup<<COMPLETE
MySQLDBInsertUsingComputeNode>>TESTNODE_bandaru>>anil>>0>>1519554251145
2871<<Administration Result<<2018-02-25 15:54:11.586 IST<<SATHEESH-IIB\bandaru<<deploy<<C:/Users/bandaru/IBM/IIBT10/workspace/AnilNayakIIB10/GeneratedBarFiles/MySQLDBInsertUsingComputeNodeproject.generated.bar<<BAR<<anil<<ExecutionGroup<<COMPLETE
MySQLDBInsertUsingComputeNode>>TESTNODE_bandaru>>anil>>0>>1519555012982
2871<<Administration Result<<2018-02-25 16:06:58.182 IST<<SATHEESH-IIB\bandaru<<deploy<<C:/Users/bandaru/IBM/IIBT10/workspace/AnilNayakIIB10/GeneratedBarFiles/MySQLDBInsertUsingComputeNodeproject.generated.bar<<BAR<<anil<<ExecutionGroup<<COMPLETE
MySQLDBInsertUsingComputeNode>>TESTNODE_bandaru>>anil>>0>>1519555719406
2871<<Administration Result<<2018-02-25 16:18:40.430 IST<<SATHEESH-IIB\bandaru<<deploy<<C:/Users/bandaru/IBM/IIBT10/workspace/AnilNayakIIB10/GeneratedBarFiles/MySQLDBInsertUsingComputeNodeproject.generated.bar<<BAR<<anil<<ExecutionGroup<<COMPLETE
MySQLDBInsertUsingComputeNode>>TESTNODE_bandaru>>anil>>0>>1519556407612
2871<<Administration Result<<2018-02-25 16:30:08.161 IST<<SATHEESH-IIB\bandaru<<deploy<<C:/Users/bandaru/IBM/IIBT10/workspace/AnilNayakIIB10/GeneratedBarFiles/MySQLDBInsertUsingComputeNodeproject.generated.bar<<BAR<<anil<<ExecutionGroup<<COMPLETE
MySQLDBInsertUsingComputeNode>>TESTNODE_bandaru>>anil>>0>>1519557789336
2871<<Administration Result<<2018-02-25 16:53:14.182 IST<<SATHEESH-IIB\bandaru<<deploy<<C:/Users/bandaru/IBM/IIBT10/workspace/AnilNayakIIB10/GeneratedBarFiles/MySQLDBInsertUsingComputeNodeproject.generated.bar<<BAR<<anil<<ExecutionGroup<<COMPLETE
MySQLDBInsertUsingComputeNode>>TESTNODE_bandaru>>anil>>0>>1519558872003
2871<<Administration Result<<2018-02-25 17:11:13.889 IST<<SATHEESH-IIB\bandaru<<deploy<<C:/Users/bandaru/IBM/IIBT10/workspace/AnilNayakIIB10/GeneratedBarFiles/MySQLDBInsertUsingComputeNodeproject.generated.bar<<BAR<<anil<<ExecutionGroup<<COMPLETE
MySQLDBInsertUsingComputeNode>>TESTNODE_bandaru>>anil>>0>>1519559436260
2871<<Administration Result<<2018-02-25 17:20:38.307 IST<<SATHEESH-IIB\bandaru<<deploy<<C:/Users/bandaru/IBM/IIBT10/workspace/AnilNayakIIB10/GeneratedBarFiles/MySQLDBInsertUsingComputeNodeproject.generated.bar<<BAR<<anil<<ExecutionGroup<<COMPLETE
MySQLDBInsertUsingComputeNode>>TESTNODE_bandaru>>anil>>0>>1519561164513
2871<<Administration Result<<2018-02-25 17:49:24.871 IST<<SATHEESH-IIB\bandaru<<deploy<<C:/Users/bandaru/IBM/IIBT10/workspace/AnilNayakIIB10/GeneratedBarFiles/MySQLDBInsertUsingComputeNodeproject.generated.bar<<BAR<<anil<<ExecutionGroup<<COMPLETE
MySQLDBInsertUsingComputeNode>>TESTNODE_bandaru>>anil>>0>>1519626771166
2871<<Administration Result<<2018-02-26 12:02:54.271 IST<<SATHEESH-IIB\bandaru<<deploy<<C:/Users/bandaru/IBM/IIBT10/workspace/AnilNayakIIB10/GeneratedBarFiles/MySQLDBInsertUsingComputeNodeproject.generated.bar<<BAR<<anil<<ExecutionGroup<<COMPLETE
MySQLDBInsertUsingComputeNode>>TESTNODE_bandaru>>anil>>0>>1519630799796
2871<<Administration Result<<2018-02-26 13:10:43.358 IST<<SATHEESH-IIB\bandaru<<deploy<<C:/Users/bandaru/IBM/IIBT10/workspace/AnilNayakIIB10/GeneratedBarFiles/MySQLDBInsertUsingComputeNodeproject.generated.bar<<BAR<<anil<<ExecutionGroup<<COMPLETE
MySQLDBInsertUsingComputeNode>>TESTNODE_bandaru>>anil>>0>>1519630869114
2871<<Administration Result<<2018-02-26 13:11:14.446 IST<<SATHEESH-IIB\bandaru<<deploy<<C:/Users/bandaru/IBM/IIBT10/workspace/AnilNayakIIB10/GeneratedBarFiles/MySQLDBInsertUsingComputeNodeproject.generated.bar<<BAR<<anil<<ExecutionGroup<<COMPLETE
MySQLDBInsertUsingComputeNode>>TESTNODE_bandaru>>anil>>0>>1519631684401
2871<<Administration Result<<2018-02-26 13:24:52.042 IST<<SATHEESH-IIB\bandaru<<deploy<<C:/Users/bandaru/IBM/IIBT10/workspace/AnilNayakIIB10/GeneratedBarFiles/MySQLDBInsertUsingComputeNodeproject.generated.bar<<BAR<<anil<<ExecutionGroup<<COMPLETE
MySQLDBInsertUsingComputeNode>>TESTNODE_bandaru>>anil>>0>>1519635486154
2871<<Administration Result<<2018-02-26 14:28:10.098 IST<<SATHEESH-IIB\bandaru<<deploy<<C:/Users/bandaru/IBM/IIBT10/workspace/AnilNayakIIB10/GeneratedBarFiles/MySQLDBInsertUsingComputeNodeproject.generated.bar<<BAR<<anil<<ExecutionGroup<<COMPLETE
MySQLDBInsertUsingComputeNode>>TESTNODE_bandaru>>anil>>0>>1519635804197
2871<<Administration Result<<2018-02-26 14:33:27.718 IST<<SATHEESH-IIB\bandaru<<deploy<<C:/Users/bandaru/IBM/IIBT10/workspace/AnilNayakIIB10/GeneratedBarFiles/MySQLDBInsertUsingComputeNodeproject.generated.bar<<BAR<<anil<<ExecutionGroup<<COMPLETE
MySQLDBInsertUsingComputeNode>>TESTNODE_bandaru>>anil>>0>>1519636182403
2871<<Administration Result<<2018-02-26 14:39:46.839 IST<<SATHEESH-IIB\bandaru<<deploy<<C:/Users/bandaru/IBM/IIBT10/workspace/AnilNayakIIB10/GeneratedBarFiles/MySQLDBInsertUsingComputeNodeproject.generated.bar<<BAR<<anil<<ExecutionGroup<<COMPLETE
MySQLDBInsertUsingComputeNode>>TESTNODE_bandaru>>anil>>0>>1519636527397
2871<<Administration Result<<2018-02-26 14:45:31.421 IST<<SATHEESH-IIB\bandaru<<deploy<<C:/Users/bandaru/IBM/IIBT10/workspace/AnilNayakIIB10/GeneratedBarFiles/MySQLDBInsertUsingComputeNodeproject.generated.bar<<BAR<<anil<<ExecutionGroup<<COMPLETE
MySQLDBInsertUsingComputeNode>>TESTNODE_bandaru>>anil>>0>>1519637643536
2871<<Administration Result<<2018-02-26 15:04:04.318 IST<<SATHEESH-IIB\bandaru<<deploy<<C:/Users/bandaru/IBM/IIBT10/workspace/AnilNayakIIB10/GeneratedBarFiles/MySQLDBInsertUsingComputeNodeproject.generated.bar<<BAR<<anil<<ExecutionGroup<<COMPLETE
MySQLDBInsertUsingComputeNode>>TESTNODE_bandaru>>anil>>0>>1519640058742
2871<<Administration Result<<2018-02-26 15:44:19.499 IST<<SATHEESH-IIB\bandaru<<deploy<<C:/Users/bandaru/IBM/IIBT10/workspace/AnilNayakIIB10/GeneratedBarFiles/MySQLDBInsertUsingComputeNodeproject.generated.bar<<BAR<<anil<<ExecutionGroup<<COMPLETE
MySQLDBInsertUsingComputeNode>>TESTNODE_bandaru>>anil>>0>>1519642922854
2871<<Administration Result<<2018-02-26 16:32:05.730 IST<<SATHEESH-IIB\bandaru<<deploy<<C:/Users/bandaru/IBM/IIBT10/workspace/AnilNayakIIB10/GeneratedBarFiles/MySQLDBInsertUsingComputeNodeproject.generated.bar<<BAR<<anil<<ExecutionGroup<<COMPLETE
MySQLDBInsertUsingComputeNode>>TESTNODE_bandaru>>anil>>0>>1519642956227
2871<<Administration Result<<2018-02-26 16:32:36.714 IST<<SATHEESH-IIB\bandaru<<deploy<<C:/Users/bandaru/IBM/IIBT10/workspace/AnilNayakIIB10/GeneratedBarFiles/MySQLDBInsertUsingComputeNodeproject.generated.bar<<BAR<<anil<<ExecutionGroup<<COMPLETE
MySQLDBInsertUsingComputeNode>>TESTNODE_bandaru>>anil>>0>>1519651665025
2871<<Administration Result<<2018-02-26 18:57:45.459 IST<<SATHEESH-IIB\bandaru<<deploy<<C:/Users/bandaru/IBM/IIBT10/workspace/AnilNayakIIB10/GeneratedBarFiles/MySQLDBInsertUsingComputeNodeproject.generated.bar<<BAR<<anil<<ExecutionGroup<<COMPLETE
MySQLDBInsertUsingComputeNode>>TESTNODE_bandaru>>anil>>0>>1519651721055
2871<<Administration Result<<2018-02-26 18:58:42.775 IST<<SATHEESH-IIB\bandaru<<deploy<<C:/Users/bandaru/IBM/IIBT10/workspace/AnilNayakIIB10/GeneratedBarFiles/MySQLDBInsertUsingComputeNodeproject.generated.bar<<BAR<<anil<<ExecutionGroup<<COMPLETE
MySQLDBInsertUsingComputeNode>>TESTNODE_bandaru>>anil>>0>>1519651836324
2871<<Administration Result<<2018-02-26 19:00:38.310 IST<<SATHEESH-IIB\bandaru<<deploy<<C:/Users/bandaru/IBM/IIBT10/workspace/AnilNayakIIB10/GeneratedBarFiles/MySQLDBInsertUsingComputeNodeproject.generated.bar<<BAR<<anil<<ExecutionGroup<<COMPLETE
MySQLDBInsertUsingComputeNode>>TESTNODE_bandaru>>anil>>0>>1519651900186
2871<<Administration Result<<2018-02-26 19:01:46.507 IST<<SATHEESH-IIB\bandaru<<deploy<<C:/Users/bandaru/IBM/IIBT10/workspace/AnilNayakIIB10/GeneratedBarFiles/MySQLDBInsertUsingComputeNodeproject.generated.bar<<BAR<<anil<<ExecutionGroup<<COMPLETE
MySQLDBInsertUsingComputeNode>>TESTNODE_bandaru>>anil>>0>>1519652692251
2871<<Administration Result<<2018-02-26 19:14:52.529 IST<<SATHEESH-IIB\bandaru<<deploy<<C:/Users/bandaru/IBM/IIBT10/workspace/AnilNayakIIB10/GeneratedBarFiles/MySQLDBInsertUsingComputeNodeproject.generated.bar<<BAR<<anil<<ExecutionGroup<<COMPLETE
MySQLDBInsertUsingComputeNode>>TESTNODE_bandaru>>anil>>0>>1519713589853
2871<<Administration Result<<2018-02-27 12:09:51.095 IST<<SATHEESH-IIB\bandaru<<deploy<<C:/Users/bandaru/IBM/IIBT10/workspace/AnilNayakIIB10/GeneratedBarFiles/MySQLDBInsertUsingComputeNodeproject.generated.bar<<BAR<<anil<<ExecutionGroup<<COMPLETE
TraceNodeAppLogRoot>>AnilBRKR>>default>>0>>1520320964340
2871<<Administration Result<<2018-03-06 12:52:47.415 IST<<SATHEESH-IIB\bandaru<<deploy<<C:/Users/bandaru/IBM/IIBT10/workspace/AnilNayakIIB10/GeneratedBarFiles/TraceNodeAppLogRootproject.generated.bar<<BAR<<default<<ExecutionGroup<<COMPLETE
MpClearSample>>TestBRKR>>default>>2>>1520490936415
2087<<Runtime Response<<2018-03-08 12:05:38.604 IST<<TestBRKR<<a40b5433-0242-4725-8c5c-dce3999c1245
4041<<Runtime Response<<2018-03-08 12:05:38.604 IST<<default<<d28fc419-6f26-4bb5-8d43-7d06e6d29f14
2493<<Runtime Response<<2018-03-08 12:05:38.604 IST<<com.oab.mpclear.MpClearMainFlow_Compute.BuildCboRequest<<15.22<<CARDINALITY<<1
2871<<Administration Result<<2018-03-08 12:05:38.605 IST<<SATHEESH-IIB\bandaru<<deploy<<C:/Users/bandaru/IBM/IIBT10/workspace/AnilNayakIIB10/GeneratedBarFiles/MpClearSampleproject.generated.bar<<BAR<<default<<ExecutionGroup<<FAILED
MpClearSample>>TestBRKR>>default>>2>>1520490980143
2087<<Runtime Response<<2018-03-08 12:06:21.080 IST<<TestBRKR<<a40b5433-0242-4725-8c5c-dce3999c1245
4041<<Runtime Response<<2018-03-08 12:06:21.080 IST<<default<<d28fc419-6f26-4bb5-8d43-7d06e6d29f14
2935<<Runtime Response<<2018-03-08 12:06:21.080 IST<<com.oab.mpclear.MpClearMainFlow_Compute.BuildCboRequest<<3.42
2871<<Administration Result<<2018-03-08 12:06:21.080 IST<<SATHEESH-IIB\bandaru<<deploy<<C:/Users/bandaru/IBM/IIBT10/workspace/AnilNayakIIB10/GeneratedBarFiles/MpClearSampleproject.generated.bar<<BAR<<default<<ExecutionGroup<<FAILED
MpClearSample>>AnilBRKR>>default>>2>>1520492189047
2087<<Runtime Response<<2018-03-08 12:30:18.000 IST<<AnilBRKR<<10c5e07b-7c57-4fb9-9e1f-7405372cfeda
4041<<Runtime Response<<2018-03-08 12:30:18.000 IST<<default<<7d75f14b-946a-4b87-a1ad-5a454f9a3eba
2935<<Runtime Response<<2018-03-08 12:30:18.000 IST<<com.oab.mpclear.MpClearMainFlow_Compute.BuildCboRequest<<3.42
2871<<Administration Result<<2018-03-08 12:30:18.000 IST<<SATHEESH-IIB\bandaru<<deploy<<C:/Users/bandaru/IBM/IIBT10/workspace/AnilNayakIIB10/GeneratedBarFiles/MpClearSampleproject.generated.bar<<BAR<<default<<ExecutionGroup<<FAILED
MpClearSample>>AnilBRKR>>default>>2>>1520492611769
2087<<Runtime Response<<2018-03-08 12:35:25.933 IST<<AnilBRKR<<10c5e07b-7c57-4fb9-9e1f-7405372cfeda
4041<<Runtime Response<<2018-03-08 12:35:25.933 IST<<default<<7d75f14b-946a-4b87-a1ad-5a454f9a3eba
2935<<Runtime Response<<2018-03-08 12:35:25.933 IST<<com.oab.mpclear.MpClearMainFlow_Compute.BuildCboRequest<<3.42
2871<<Administration Result<<2018-03-08 12:35:25.933 IST<<SATHEESH-IIB\bandaru<<deploy<<C:/Users/bandaru/IBM/IIBT10/workspace/AnilNayakIIB10/GeneratedBarFiles/MpClearSampleproject.generated.bar<<BAR<<default<<ExecutionGroup<<FAILED
MpClearSample>>AnilBRKR>>default>>2>>1520492814669
2087<<Runtime Response<<2018-03-08 12:36:55.271 IST<<AnilBRKR<<10c5e07b-7c57-4fb9-9e1f-7405372cfeda
4041<<Runtime Response<<2018-03-08 12:36:55.271 IST<<default<<7d75f14b-946a-4b87-a1ad-5a454f9a3eba
2935<<Runtime Response<<2018-03-08 12:36:55.271 IST<<com.oab.mpclear.MpClearMainFlow_Compute.BuildCboRequest<<3.42
2871<<Administration Result<<2018-03-08 12:36:55.272 IST<<SATHEESH-IIB\bandaru<<deploy<<C:/Users/bandaru/IBM/IIBT10/workspace/AnilNayakIIB10/GeneratedBarFiles/MpClearSampleproject.generated.bar<<BAR<<default<<ExecutionGroup<<FAILED
MpClearSample>>AnilBRKR>>default>>0>>1520492860311
2871<<Administration Result<<2018-03-08 12:37:40.612 IST<<SATHEESH-IIB\bandaru<<deploy<<C:/Users/bandaru/IBM/IIBT10/workspace/AnilNayakIIB10/GeneratedBarFiles/MpClearSampleproject.generated.bar<<BAR<<default<<ExecutionGroup<<COMPLETE
MpClearSample>>AnilBRKR>>default>>0>>1520492982319
2871<<Administration Result<<2018-03-08 12:39:42.773 IST<<SATHEESH-IIB\bandaru<<deploy<<C:/Users/bandaru/IBM/IIBT10/workspace/AnilNayakIIB10/GeneratedBarFiles/MpClearSampleproject.generated.bar<<BAR<<default<<ExecutionGroup<<COMPLETE
MpClearSample>>AnilBRKR>>default>>0>>1520493300909
2871<<Administration Result<<2018-03-08 12:47:51.124 IST<<SATHEESH-IIB\bandaru<<deploy<<C:/Users/bandaru/IBM/IIBT10/workspace/AnilNayakIIB10/GeneratedBarFiles/MpClearSampleproject.generated.bar<<BAR<<default<<ExecutionGroup<<COMPLETE
MpClearSample>>AnilBRKR>>default>>0>>1520493674563
2871<<Administration Result<<2018-03-08 12:51:15.429 IST<<SATHEESH-IIB\bandaru<<deploy<<C:/Users/bandaru/IBM/IIBT10/workspace/AnilNayakIIB10/GeneratedBarFiles/MpClearSampleproject.generated.bar<<BAR<<default<<ExecutionGroup<<COMPLETE
MpClearSample>>AnilBRKR>>default>>0>>1520493879394
2871<<Administration Result<<2018-03-08 12:54:39.990 IST<<SATHEESH-IIB\bandaru<<deploy<<C:/Users/bandaru/IBM/IIBT10/workspace/AnilNayakIIB10/GeneratedBarFiles/MpClearSampleproject.generated.bar<<BAR<<default<<ExecutionGroup<<COMPLETE
MpClearSample>>AnilBRKR>>default>>0>>1520493932520
2871<<Administration Result<<2018-03-08 12:55:33.117 IST<<SATHEESH-IIB\bandaru<<deploy<<C:/Users/bandaru/IBM/IIBT10/workspace/AnilNayakIIB10/GeneratedBarFiles/MpClearSampleproject.generated.bar<<BAR<<default<<ExecutionGroup<<COMPLETE
MpClearSample>>AnilBRKR>>default>>0>>1520494040718
2871<<Administration Result<<2018-03-08 12:57:21.832 IST<<SATHEESH-IIB\bandaru<<deploy<<C:/Users/bandaru/IBM/IIBT10/workspace/AnilNayakIIB10/GeneratedBarFiles/MpClearSampleproject.generated.bar<<BAR<<default<<ExecutionGroup<<COMPLETE
MpClearSample>>AnilBRKR>>default>>0>>1520494444825
2871<<Administration Result<<2018-03-08 13:06:28.209 IST<<SATHEESH-IIB\bandaru<<deploy<<C:/Users/bandaru/IBM/IIBT10/workspace/AnilNayakIIB10/GeneratedBarFiles/MpClearSampleproject.generated.bar<<BAR<<default<<ExecutionGroup<<COMPLETE
MpClearSample>>AnilBRKR>>default>>0>>1520494908295
2871<<Administration Result<<2018-03-08 13:11:49.178 IST<<SATHEESH-IIB\bandaru<<deploy<<C:/Users/bandaru/IBM/IIBT10/workspace/AnilNayakIIB10/GeneratedBarFiles/MpClearSampleproject.generated.bar<<BAR<<default<<ExecutionGroup<<COMPLETE
MpClearSample>>AnilBRKR>>default>>0>>1520495092837
2871<<Administration Result<<2018-03-08 13:14:53.629 IST<<SATHEESH-IIB\bandaru<<deploy<<C:/Users/bandaru/IBM/IIBT10/workspace/AnilNayakIIB10/GeneratedBarFiles/MpClearSampleproject.generated.bar<<BAR<<default<<ExecutionGroup<<COMPLETE
MpClearSample>>AnilBRKR>>default>>0>>1520495177709
2871<<Administration Result<<2018-03-08 13:16:18.025 IST<<SATHEESH-IIB\bandaru<<deploy<<C:/Users/bandaru/IBM/IIBT10/workspace/AnilNayakIIB10/GeneratedBarFiles/MpClearSampleproject.generated.bar<<BAR<<default<<ExecutionGroup<<COMPLETE
MpClearSample>>AnilBRKR>>default>>0>>1520495184883
2871<<Administration Result<<2018-03-08 13:16:25.115 IST<<SATHEESH-IIB\bandaru<<deploy<<C:/Users/bandaru/IBM/IIBT10/workspace/AnilNayakIIB10/GeneratedBarFiles/MpClearSampleproject.generated.bar<<BAR<<default<<ExecutionGroup<<COMPLETE
MpClearSample>>AnilBRKR>>default>>0>>1520495487270
2871<<Administration Result<<2018-03-08 13:25:05.104 IST<<SATHEESH-IIB\bandaru<<deploy<<C:/Users/bandaru/IBM/IIBT10/workspace/AnilNayakIIB10/GeneratedBarFiles/MpClearSampleproject.generated.bar<<BAR<<default<<ExecutionGroup<<COMPLETE
MpClearSample>>AnilBRKR>>default>>0>>1520495794444
2871<<Administration Result<<2018-03-08 13:26:35.320 IST<<SATHEESH-IIB\bandaru<<deploy<<C:/Users/bandaru/IBM/IIBT10/workspace/AnilNayakIIB10/GeneratedBarFiles/MpClearSampleproject.generated.bar<<BAR<<default<<ExecutionGroup<<COMPLETE
MpClearSample>>AnilBRKR>>default>>0>>1520496256027
2871<<Administration Result<<2018-03-08 13:34:16.931 IST<<SATHEESH-IIB\bandaru<<deploy<<C:/Users/bandaru/IBM/IIBT10/workspace/AnilNayakIIB10/GeneratedBarFiles/MpClearSampleproject.generated.bar<<BAR<<default<<ExecutionGroup<<COMPLETE
MpClearSample>>AnilBRKR>>default>>0>>1520501516405
2871<<Administration Result<<2018-03-08 15:01:56.998 IST<<SATHEESH-IIB\bandaru<<deploy<<C:/Users/bandaru/IBM/IIBT10/workspace/AnilNayakIIB10/GeneratedBarFiles/MpClearSampleproject.generated.bar<<BAR<<default<<ExecutionGroup<<COMPLETE
MpClearSample>>AnilBRKR>>default>>0>>1520501556737
2871<<Administration Result<<2018-03-08 15:02:38.018 IST<<SATHEESH-IIB\bandaru<<deploy<<C:/Users/bandaru/IBM/IIBT10/workspace/AnilNayakIIB10/GeneratedBarFiles/MpClearSampleproject.generated.bar<<BAR<<default<<ExecutionGroup<<COMPLETE
MpClearSample>>AnilBRKR>>default>>0>>1520503024033
2871<<Administration Result<<2018-03-08 15:27:05.032 IST<<SATHEESH-IIB\bandaru<<deploy<<C:/Users/bandaru/IBM/IIBT10/workspace/AnilNayakIIB10/GeneratedBarFiles/MpClearSampleproject.generated.bar<<BAR<<default<<ExecutionGroup<<COMPLETE
MpClearSample>>AnilBRKR>>default>>0>>1520503076042
2871<<Administration Result<<2018-03-08 15:27:57.175 IST<<SATHEESH-IIB\bandaru<<deploy<<C:/Users/bandaru/IBM/IIBT10/workspace/AnilNayakIIB10/GeneratedBarFiles/MpClearSampleproject.generated.bar<<BAR<<default<<ExecutionGroup<<COMPLETE
MpClearSample>>AnilBRKR>>default>>0>>1520506707316
2871<<Administration Result<<2018-03-08 16:28:27.905 IST<<SATHEESH-IIB\bandaru<<deploy<<C:/Users/bandaru/IBM/IIBT10/workspace/AnilNayakIIB10/GeneratedBarFiles/MpClearSampleproject.generated.bar<<BAR<<default<<ExecutionGroup<<COMPLETE
MpClearSample>>AnilBRKR>>default>>2>>1520506878191
2087<<Runtime Response<<2018-03-08 16:31:18.740 IST<<AnilBRKR<<10c5e07b-7c57-4fb9-9e1f-7405372cfeda
4041<<Runtime Response<<2018-03-08 16:31:18.740 IST<<default<<7d75f14b-946a-4b87-a1ad-5a454f9a3eba
2475<<Runtime Response<<2018-03-08 16:31:18.740 IST<<com.oab.mpclear.MpClearMainFlow_Compute.BuildCboRequest<<6.22
2871<<Administration Result<<2018-03-08 16:31:18.742 IST<<SATHEESH-IIB\bandaru<<deploy<<C:/Users/bandaru/IBM/IIBT10/workspace/AnilNayakIIB10/GeneratedBarFiles/MpClearSampleproject.generated.bar<<BAR<<default<<ExecutionGroup<<FAILED
MpClearSample>>AnilBRKR>>default>>0>>1520506933675
2871<<Administration Result<<2018-03-08 16:32:14.037 IST<<SATHEESH-IIB\bandaru<<deploy<<C:/Users/bandaru/IBM/IIBT10/workspace/AnilNayakIIB10/GeneratedBarFiles/MpClearSampleproject.generated.bar<<BAR<<default<<ExecutionGroup<<COMPLETE
MpClearSample>>AnilBRKR>>default>>0>>1520507084094
2871<<Administration Result<<2018-03-08 16:37:33.283 IST<<SATHEESH-IIB\bandaru<<deploy<<C:/Users/bandaru/IBM/IIBT10/workspace/AnilNayakIIB10/GeneratedBarFiles/MpClearSampleproject.generated.bar<<BAR<<default<<ExecutionGroup<<COMPLETE
MpClearSample>>AnilBRKR>>default>>0>>1520507455532
2871<<Administration Result<<2018-03-08 16:40:56.627 IST<<SATHEESH-IIB\bandaru<<deploy<<C:/Users/bandaru/IBM/IIBT10/workspace/AnilNayakIIB10/GeneratedBarFiles/MpClearSampleproject.generated.bar<<BAR<<default<<ExecutionGroup<<COMPLETE
MpClearSample>>AnilBRKR>>default>>0>>1520509073442
2871<<Administration Result<<2018-03-08 17:07:54.324 IST<<SATHEESH-IIB\bandaru<<deploy<<C:/Users/bandaru/IBM/IIBT10/workspace/AnilNayakIIB10/GeneratedBarFiles/MpClearSampleproject.generated.bar<<BAR<<default<<ExecutionGroup<<COMPLETE
MpClearSample>>AnilBRKR>>default>>0>>1520515196036
2871<<Administration Result<<2018-03-08 18:49:56.668 IST<<SATHEESH-IIB\bandaru<<deploy<<C:/Users/bandaru/IBM/IIBT10/workspace/AnilNayakIIB10/GeneratedBarFiles/MpClearSampleproject.generated.bar<<BAR<<default<<ExecutionGroup<<COMPLETE
MpClearSample>>AnilBRKR>>default>>0>>1520515404216
2871<<Administration Result<<2018-03-08 18:53:25.916 IST<<SATHEESH-IIB\bandaru<<deploy<<C:/Users/bandaru/IBM/IIBT10/workspace/AnilNayakIIB10/GeneratedBarFiles/MpClearSampleproject.generated.bar<<BAR<<default<<ExecutionGroup<<COMPLETE
MpClearSample>>AnilBRKR>>default>>0>>1520742846641
2871<<Administration Result<<2018-03-11 10:04:11.683 IST<<SATHEESH-IIB\bandaru<<deploy<<C:/Users/bandaru/IBM/IIBT10/workspace/AnilNayakIIB10/GeneratedBarFiles/MpClearSampleproject.generated.bar<<BAR<<default<<ExecutionGroup<<COMPLETE
MpClearSample>>AnilBRKR>>default>>0>>1520756446723
2871<<Administration Result<<2018-03-11 13:50:49.457 IST<<SATHEESH-IIB\bandaru<<deploy<<C:/Users/bandaru/IBM/IIBT10/workspace/AnilNayakIIB10/GeneratedBarFiles/MpClearSampleproject.generated.bar<<BAR<<default<<ExecutionGroup<<COMPLETE
CHECK_DAYOFWEEK>>AnilBRKR>>default>>0>>1521456892146
2871<<Administration Result<<2018-03-19 16:24:54.013 IST<<SATHEESH-IIB\bandaru<<deploy<<C:/Users/bandaru/IBM/IIBT10/workspace/AnilNayakIIB10/GeneratedBarFiles/CHECK_DAYOFWEEKproject.generated.bar<<BAR<<default<<ExecutionGroup<<COMPLETE
CHECK_DAYOFWEEK>>AnilBRKR>>default>>0>>1521457289818
2871<<Administration Result<<2018-03-19 16:31:30.386 IST<<SATHEESH-IIB\bandaru<<deploy<<C:/Users/bandaru/IBM/IIBT10/workspace/AnilNayakIIB10/GeneratedBarFiles/CHECK_DAYOFWEEKproject.generated.bar<<BAR<<default<<ExecutionGroup<<COMPLETE
CHECK_DAYOFWEEK>>AnilBRKR>>default>>0>>1521457563155
2871<<Administration Result<<2018-03-19 16:36:04.289 IST<<SATHEESH-IIB\bandaru<<deploy<<C:/Users/bandaru/IBM/IIBT10/workspace/AnilNayakIIB10/GeneratedBarFiles/CHECK_DAYOFWEEKproject.generated.bar<<BAR<<default<<ExecutionGroup<<COMPLETE
CHECK_DAYOFWEEK>>AnilBRKR>>default>>0>>1521457659064
2871<<Administration Result<<2018-03-19 16:37:40.076 IST<<SATHEESH-IIB\bandaru<<deploy<<C:/Users/bandaru/IBM/IIBT10/workspace/AnilNayakIIB10/GeneratedBarFiles/CHECK_DAYOFWEEKproject.generated.bar<<BAR<<default<<ExecutionGroup<<COMPLETE
CHECK_DAYOFWEEK>>AnilBRKR>>default>>0>>1521457820460
2871<<Administration Result<<2018-03-19 16:43:02.001 IST<<SATHEESH-IIB\bandaru<<deploy<<C:/Users/bandaru/IBM/IIBT10/workspace/AnilNayakIIB10/GeneratedBarFiles/CHECK_DAYOFWEEKproject.generated.bar<<BAR<<default<<ExecutionGroup<<COMPLETE
CHECK_DAYOFWEEK>>AnilBRKR>>default>>0>>1521457725012
2871<<Administration Result<<2018-03-19 16:43:03.160 IST<<SATHEESH-IIB\bandaru<<deploy<<C:/Users/bandaru/IBM/IIBT10/workspace/AnilNayakIIB10/GeneratedBarFiles/CHECK_DAYOFWEEKproject.generated.bar<<BAR<<default<<ExecutionGroup<<COMPLETE
GitHub>>AnilBRKR>>default>>0>>1524645479973
2871<<Administration Result<<2018-04-25 14:08:00.950 IST<<SATHEESH-IIB\bandaru<<deploy<<C:/Users/bandaru/IBM/IIBT10/workspace/AnilNayakIIB10/GeneratedBarFiles/GitHubproject.generated.bar<<BAR<<default<<ExecutionGroup<<COMPLETE
GitHub>>AnilBRKR>>default>>0>>1524646928790
2871<<Administration Result<<2018-04-25 14:32:12.557 IST<<SATHEESH-IIB\bandaru<<deploy<<C:/Users/bandaru/IBM/IIBT10/workspace/AnilNayakIIB10/GeneratedBarFiles/GitHubproject.generated.bar<<BAR<<default<<ExecutionGroup<<COMPLETE
GitHub>>AnilBRKR>>default>>0>>1524647442963
2871<<Administration Result<<2018-04-25 14:40:48.275 IST<<SATHEESH-IIB\bandaru<<deploy<<C:/Users/bandaru/IBM/IIBT10/workspace/AnilNayakIIB10/GeneratedBarFiles/GitHubproject.generated.bar<<BAR<<default<<ExecutionGroup<<COMPLETE
GitHub>>AnilBRKR>>default>>0>>1524647505756
2871<<Administration Result<<2018-04-25 14:41:50.150 IST<<SATHEESH-IIB\bandaru<<deploy<<C:/Users/bandaru/IBM/IIBT10/workspace/AnilNayakIIB10/GeneratedBarFiles/GitHubproject.generated.bar<<BAR<<default<<ExecutionGroup<<COMPLETE
GitHub>>AnilBRKR>>default>>0>>1524647903735
2871<<Administration Result<<2018-04-25 14:48:26.966 IST<<SATHEESH-IIB\bandaru<<deploy<<C:/Users/bandaru/IBM/IIBT10/workspace/AnilNayakIIB10/GeneratedBarFiles/GitHubproject.generated.bar<<BAR<<default<<ExecutionGroup<<COMPLETE
GitHub>>AnilBRKR>>default>>0>>1524648570114
2871<<Administration Result<<2018-04-25 14:59:32.765 IST<<SATHEESH-IIB\bandaru<<deploy<<C:/Users/bandaru/IBM/IIBT10/workspace/AnilNayakIIB10/GeneratedBarFiles/GitHubproject.generated.bar<<BAR<<default<<ExecutionGroup<<COMPLETE
GitHub>>AnilBRKR>>default>>0>>1524648714504
2871<<Administration Result<<2018-04-25 15:01:57.181 IST<<SATHEESH-IIB\bandaru<<deploy<<C:/Users/bandaru/IBM/IIBT10/workspace/AnilNayakIIB10/GeneratedBarFiles/GitHubproject.generated.bar<<BAR<<default<<ExecutionGroup<<COMPLETE
GitHub>>AnilBRKR>>default>>0>>1524648918194
2871<<Administration Result<<2018-04-25 15:05:22.780 IST<<SATHEESH-IIB\bandaru<<deploy<<C:/Users/bandaru/IBM/IIBT10/workspace/AnilNayakIIB10/GeneratedBarFiles/GitHubproject.generated.bar<<BAR<<default<<ExecutionGroup<<COMPLETE
GitHub>>AnilBRKR>>default>>0>>1524649014001
2871<<Administration Result<<2018-04-25 15:06:56.146 IST<<SATHEESH-IIB\bandaru<<deploy<<C:/Users/bandaru/IBM/IIBT10/workspace/AnilNayakIIB10/GeneratedBarFiles/GitHubproject.generated.bar<<BAR<<default<<ExecutionGroup<<COMPLETE
GitHub>>AnilBRKR>>default>>0>>1524649260970
2871<<Administration Result<<2018-04-25 15:13:11.912 IST<<SATHEESH-IIB\bandaru<<deploy<<C:/Users/bandaru/IBM/IIBT10/workspace/AnilNayakIIB10/GeneratedBarFiles/GitHubproject.generated.bar<<BAR<<default<<ExecutionGroup<<COMPLETE
GitHub>>AnilBRKR>>default>>0>>1524649201984
2871<<Administration Result<<2018-04-25 15:13:18.660 IST<<SATHEESH-IIB\bandaru<<deploy<<C:/Users/bandaru/IBM/IIBT10/workspace/AnilNayakIIB10/GeneratedBarFiles/GitHubproject.generated.bar<<BAR<<default<<ExecutionGroup<<COMPLETE
GitHub>>AnilBRKR>>default>>0>>1524649427433
2871<<Administration Result<<2018-04-25 15:13:51.726 IST<<SATHEESH-IIB\bandaru<<deploy<<C:/Users/bandaru/IBM/IIBT10/workspace/AnilNayakIIB10/GeneratedBarFiles/GitHubproject.generated.bar<<BAR<<default<<ExecutionGroup<<COMPLETE
GitHub>>AnilBRKR>>default>>0>>1524649497258
2871<<Administration Result<<2018-04-25 15:15:01.320 IST<<SATHEESH-IIB\bandaru<<deploy<<C:/Users/bandaru/IBM/IIBT10/workspace/AnilNayakIIB10/GeneratedBarFiles/GitHubproject.generated.bar<<BAR<<default<<ExecutionGroup<<COMPLETE
GitHub>>AnilBRKR>>default>>0>>1524650452628
2871<<Administration Result<<2018-04-25 15:31:00.171 IST<<SATHEESH-IIB\bandaru<<deploy<<C:/Users/bandaru/IBM/IIBT10/workspace/AnilNayakIIB10/GeneratedBarFiles/GitHubproject.generated.bar<<BAR<<default<<ExecutionGroup<<COMPLETE
GitHub>>AnilBRKR>>default>>0>>1524651372555
2871<<Administration Result<<2018-04-25 15:46:13.562 IST<<SATHEESH-IIB\bandaru<<deploy<<C:/Users/bandaru/IBM/IIBT10/workspace/AnilNayakIIB10/GeneratedBarFiles/GitHubproject.generated.bar<<BAR<<default<<ExecutionGroup<<COMPLETE
GitHub>>AnilBRKR>>default>>0>>1524651537038
2871<<Administration Result<<2018-04-25 15:48:57.811 IST<<SATHEESH-IIB\bandaru<<deploy<<C:/Users/bandaru/IBM/IIBT10/workspace/AnilNayakIIB10/GeneratedBarFiles/GitHubproject.generated.bar<<BAR<<default<<ExecutionGroup<<COMPLETE
GitHub>>AnilBRKR>>default>>0>>1524651591989
2871<<Administration Result<<2018-04-25 15:49:57.530 IST<<SATHEESH-IIB\bandaru<<deploy<<C:/Users/bandaru/IBM/IIBT10/workspace/AnilNayakIIB10/GeneratedBarFiles/GitHubproject.generated.bar<<BAR<<default<<ExecutionGroup<<COMPLETE
GitHub>>AnilBRKR>>default>>0>>1524651727081
2871<<Administration Result<<2018-04-25 15:52:09.785 IST<<SATHEESH-IIB\bandaru<<deploy<<C:/Users/bandaru/IBM/IIBT10/workspace/AnilNayakIIB10/GeneratedBarFiles/GitHubproject.generated.bar<<BAR<<default<<ExecutionGroup<<COMPLETE
GitHub>>AnilBRKR>>default>>0>>1524651823136
2871<<Administration Result<<2018-04-25 15:53:45.368 IST<<SATHEESH-IIB\bandaru<<deploy<<C:/Users/bandaru/IBM/IIBT10/workspace/AnilNayakIIB10/GeneratedBarFiles/GitHubproject.generated.bar<<BAR<<default<<ExecutionGroup<<COMPLETE
GitHub>>AnilBRKR>>default>>0>>1524651889167
2871<<Administration Result<<2018-04-25 15:54:53.041 IST<<SATHEESH-IIB\bandaru<<deploy<<C:/Users/bandaru/IBM/IIBT10/workspace/AnilNayakIIB10/GeneratedBarFiles/GitHubproject.generated.bar<<BAR<<default<<ExecutionGroup<<COMPLETE
GitHub>>AnilBRKR>>default>>0>>1524651959639
2871<<Administration Result<<2018-04-25 15:56:00.559 IST<<SATHEESH-IIB\bandaru<<deploy<<C:/Users/bandaru/IBM/IIBT10/workspace/AnilNayakIIB10/GeneratedBarFiles/GitHubproject.generated.bar<<BAR<<default<<ExecutionGroup<<COMPLETE
GitHub>>AnilBRKR>>default>>0>>1524652066322
2871<<Administration Result<<2018-04-25 15:57:49.550 IST<<SATHEESH-IIB\bandaru<<deploy<<C:/Users/bandaru/IBM/IIBT10/workspace/AnilNayakIIB10/GeneratedBarFiles/GitHubproject.generated.bar<<BAR<<default<<ExecutionGroup<<COMPLETE
GitHub>>AnilBRKR>>default>>0>>1524652246949
2871<<Administration Result<<2018-04-25 16:00:50.555 IST<<SATHEESH-IIB\bandaru<<deploy<<C:/Users/bandaru/IBM/IIBT10/workspace/AnilNayakIIB10/GeneratedBarFiles/GitHubproject.generated.bar<<BAR<<default<<ExecutionGroup<<COMPLETE
GitHub>>AnilBRKR>>default>>0>>1524652515298
2871<<Administration Result<<2018-04-25 16:07:17.985 IST<<SATHEESH-IIB\bandaru<<deploy<<C:/Users/bandaru/IBM/IIBT10/workspace/AnilNayakIIB10/GeneratedBarFiles/GitHubproject.generated.bar<<BAR<<default<<ExecutionGroup<<COMPLETE
GitHub>>AnilBRKR>>default>>0>>1524652385806
2871<<Administration Result<<2018-04-25 16:07:22.478 IST<<SATHEESH-IIB\bandaru<<deploy<<C:/Users/bandaru/IBM/IIBT10/workspace/AnilNayakIIB10/GeneratedBarFiles/GitHubproject.generated.bar<<BAR<<default<<ExecutionGroup<<COMPLETE
GitHub>>AnilBRKR>>default>>0>>1524652855706
2871<<Administration Result<<2018-04-25 16:13:21.362 IST<<SATHEESH-IIB\bandaru<<deploy<<C:/Users/bandaru/IBM/IIBT10/workspace/AnilNayakIIB10/GeneratedBarFiles/GitHubproject.generated.bar<<BAR<<default<<ExecutionGroup<<COMPLETE
GitHub>>AnilBRKR>>default>>0>>1524653378348
2871<<Administration Result<<2018-04-25 16:19:39.067 IST<<SATHEESH-IIB\bandaru<<deploy<<C:/Users/bandaru/IBM/IIBT10/workspace/AnilNayakIIB10/GeneratedBarFiles/GitHubproject.generated.bar<<BAR<<default<<ExecutionGroup<<COMPLETE
