Feb 21, 2018 1:30:52 PM INFO: Could not connect to the repository OT4I GitHub Pattern Repository located at 'http://ot4i.github.io/iib-patterns/en/repo_metadata.json'.
Feb 21, 2018 1:30:56 PM INFO: Could not connect to the repository Experimental OT4I GitHub Pattern Repository located at 'http://ot4i.github.io/iib-patterns/en/experimental/repo_metadata.json'.
Feb 27, 2018 5:08:39 PM INFO: Could not connect to the repository OT4I GitHub Pattern Repository located at 'http://ot4i.github.io/iib-patterns/en/repo_metadata.json'.
Feb 27, 2018 5:08:39 PM INFO: Could not connect to the repository Experimental OT4I GitHub Pattern Repository located at 'http://ot4i.github.io/iib-patterns/en/experimental/repo_metadata.json'.
Mar 6, 2018 12:46:22 PM INFO: Could not connect to the repository OT4I GitHub Pattern Repository located at 'http://ot4i.github.io/iib-patterns/en/repo_metadata.json'.
Mar 6, 2018 12:46:22 PM INFO: Could not connect to the repository Experimental OT4I GitHub Pattern Repository located at 'http://ot4i.github.io/iib-patterns/en/experimental/repo_metadata.json'.
Mar 7, 2018 9:53:45 AM INFO: Could not connect to the repository OT4I GitHub Pattern Repository located at 'http://ot4i.github.io/iib-patterns/en/repo_metadata.json'.
Mar 7, 2018 9:53:45 AM INFO: Could not connect to the repository Experimental OT4I GitHub Pattern Repository located at 'http://ot4i.github.io/iib-patterns/en/experimental/repo_metadata.json'.
Mar 8, 2018 9:41:28 AM INFO: Could not connect to the repository OT4I GitHub Pattern Repository located at 'http://ot4i.github.io/iib-patterns/en/repo_metadata.json'.
Mar 8, 2018 9:41:28 AM INFO: Could not connect to the repository Experimental OT4I GitHub Pattern Repository located at 'http://ot4i.github.io/iib-patterns/en/experimental/repo_metadata.json'.
Mar 8, 2018 12:13:22 PM INFO: Could not connect to the repository OT4I GitHub Pattern Repository located at 'http://ot4i.github.io/iib-patterns/en/repo_metadata.json'.
Mar 8, 2018 12:13:22 PM INFO: Could not connect to the repository Experimental OT4I GitHub Pattern Repository located at 'http://ot4i.github.io/iib-patterns/en/experimental/repo_metadata.json'.
Mar 8, 2018 12:25:19 PM INFO: Could not connect to the repository OT4I GitHub Pattern Repository located at 'http://ot4i.github.io/iib-patterns/en/repo_metadata.json'.
Mar 8, 2018 12:25:19 PM INFO: Could not connect to the repository Experimental OT4I GitHub Pattern Repository located at 'http://ot4i.github.io/iib-patterns/en/experimental/repo_metadata.json'.
Mar 11, 2018 9:45:29 AM INFO: Could not connect to the repository OT4I GitHub Pattern Repository located at 'http://ot4i.github.io/iib-patterns/en/repo_metadata.json'.
Mar 11, 2018 9:45:29 AM INFO: Could not connect to the repository Experimental OT4I GitHub Pattern Repository located at 'http://ot4i.github.io/iib-patterns/en/experimental/repo_metadata.json'.
Mar 12, 2018 9:52:11 AM INFO: Could not connect to the repository OT4I GitHub Pattern Repository located at 'http://ot4i.github.io/iib-patterns/en/repo_metadata.json'.
Mar 12, 2018 9:52:11 AM INFO: Could not connect to the repository Experimental OT4I GitHub Pattern Repository located at 'http://ot4i.github.io/iib-patterns/en/experimental/repo_metadata.json'.
Mar 13, 2018 9:56:46 AM INFO: Could not connect to the repository OT4I GitHub Pattern Repository located at 'http://ot4i.github.io/iib-patterns/en/repo_metadata.json'.
Mar 13, 2018 9:56:46 AM INFO: Could not connect to the repository Experimental OT4I GitHub Pattern Repository located at 'http://ot4i.github.io/iib-patterns/en/experimental/repo_metadata.json'.
Mar 14, 2018 9:47:39 AM INFO: Could not connect to the repository OT4I GitHub Pattern Repository located at 'http://ot4i.github.io/iib-patterns/en/repo_metadata.json'.
Mar 14, 2018 9:47:39 AM INFO: Could not connect to the repository Experimental OT4I GitHub Pattern Repository located at 'http://ot4i.github.io/iib-patterns/en/experimental/repo_metadata.json'.
Mar 15, 2018 9:44:58 AM INFO: Could not connect to the repository OT4I GitHub Pattern Repository located at 'http://ot4i.github.io/iib-patterns/en/repo_metadata.json'.
Mar 15, 2018 9:44:58 AM INFO: Could not connect to the repository Experimental OT4I GitHub Pattern Repository located at 'http://ot4i.github.io/iib-patterns/en/experimental/repo_metadata.json'.
Mar 15, 2018 9:45:51 AM INFO: Could not connect to the repository OT4I GitHub Pattern Repository located at 'http://ot4i.github.io/iib-patterns/en/repo_metadata.json'.
Mar 15, 2018 9:45:51 AM INFO: Could not connect to the repository Experimental OT4I GitHub Pattern Repository located at 'http://ot4i.github.io/iib-patterns/en/experimental/repo_metadata.json'.
Mar 15, 2018 9:47:50 AM INFO: Could not connect to the repository OT4I GitHub Pattern Repository located at 'http://ot4i.github.io/iib-patterns/en/repo_metadata.json'.
Mar 15, 2018 9:47:50 AM INFO: Could not connect to the repository Experimental OT4I GitHub Pattern Repository located at 'http://ot4i.github.io/iib-patterns/en/experimental/repo_metadata.json'.
Mar 19, 2018 10:31:29 AM INFO: Could not connect to the repository OT4I GitHub Pattern Repository located at 'http://ot4i.github.io/iib-patterns/en/repo_metadata.json'.
Mar 19, 2018 10:31:30 AM INFO: Could not connect to the repository Experimental OT4I GitHub Pattern Repository located at 'http://ot4i.github.io/iib-patterns/en/experimental/repo_metadata.json'.
Mar 20, 2018 10:06:55 AM INFO: Could not connect to the repository OT4I GitHub Pattern Repository located at 'http://ot4i.github.io/iib-patterns/en/repo_metadata.json'.
Mar 20, 2018 10:06:55 AM INFO: Could not connect to the repository Experimental OT4I GitHub Pattern Repository located at 'http://ot4i.github.io/iib-patterns/en/experimental/repo_metadata.json'.
Mar 21, 2018 11:05:04 AM INFO: Could not connect to the repository OT4I GitHub Pattern Repository located at 'http://ot4i.github.io/iib-patterns/en/repo_metadata.json'.
Mar 21, 2018 11:05:04 AM INFO: Could not connect to the repository Experimental OT4I GitHub Pattern Repository located at 'http://ot4i.github.io/iib-patterns/en/experimental/repo_metadata.json'.
Mar 22, 2018 10:39:36 PM INFO: Could not connect to the repository OT4I GitHub Pattern Repository located at 'http://ot4i.github.io/iib-patterns/en/repo_metadata.json'.
Mar 22, 2018 10:39:36 PM INFO: Could not connect to the repository Experimental OT4I GitHub Pattern Repository located at 'http://ot4i.github.io/iib-patterns/en/experimental/repo_metadata.json'.
Mar 27, 2018 1:52:35 PM INFO: Could not connect to the repository OT4I GitHub Pattern Repository located at 'http://ot4i.github.io/iib-patterns/en/repo_metadata.json'.
Mar 27, 2018 1:52:35 PM INFO: Could not connect to the repository Experimental OT4I GitHub Pattern Repository located at 'http://ot4i.github.io/iib-patterns/en/experimental/repo_metadata.json'.
Mar 28, 2018 2:42:50 PM INFO: Could not connect to the repository OT4I GitHub Pattern Repository located at 'http://ot4i.github.io/iib-patterns/en/repo_metadata.json'.
Mar 28, 2018 2:42:51 PM INFO: Could not connect to the repository Experimental OT4I GitHub Pattern Repository located at 'http://ot4i.github.io/iib-patterns/en/experimental/repo_metadata.json'.
Apr 4, 2018 6:47:50 PM INFO: Could not connect to the repository OT4I GitHub Pattern Repository located at 'http://ot4i.github.io/iib-patterns/en/repo_metadata.json'.
Apr 4, 2018 6:47:50 PM INFO: Could not connect to the repository Experimental OT4I GitHub Pattern Repository located at 'http://ot4i.github.io/iib-patterns/en/experimental/repo_metadata.json'.
Apr 5, 2018 11:53:24 AM INFO: Could not connect to the repository OT4I GitHub Pattern Repository located at 'http://ot4i.github.io/iib-patterns/en/repo_metadata.json'.
Apr 5, 2018 11:53:24 AM INFO: Could not connect to the repository Experimental OT4I GitHub Pattern Repository located at 'http://ot4i.github.io/iib-patterns/en/experimental/repo_metadata.json'.
